 
****************************************
Report : level_shifter
Design : ece581_ip_top
Version: Q-2019.12-SP3
Date   : Fri Mar 22 14:40:27 2024
****************************************

---------------------------------------------------------------------------------------------------------------------------------------------------

 Power Domain : pd_TOP

 **********************************************************
 Level shifter summary for power domain
 **********************************************************
 No. of violating level shifters - dont_touch    : 0
 No. of violating level shifters - no dont_touch : 0
 No. of level shifters in domain                 : 10
 **********************************************************

===================================================================================================================================================
 Level Shifter       Reference      Input P/G      Output P/G     Main P/G       Violation   Reason                 Voltage             Type
                                    Net Info(Volt) Net Info(Volt) Net Info(Dir.)
===================================================================================================================================================
 lav_B2D_UPF_LS      LSUPX1_HVT     VDDL(0.85)     VDDH(1.16)     VDDH(Output)   FALSE       -                      (0.7,1.16)          LH
                                    VSS(0.00)      VSS(0.00)      ---
 lav_C2A_UPF_LS      LSUPX1_HVT     VDDL(0.85)     VDDH(1.16)     VDDH(Output)   FALSE       -                      (0.7,1.16)          LH
                                    VSS(0.00)      VSS(0.00)      ---
 lav_B2A_1_UPF_LS    LSUPX1_HVT     VDDL(0.85)     VDDH(1.16)     VDDH(Output)   FALSE       -                      (0.7,1.16)          LH
                                    VSS(0.00)      VSS(0.00)      ---
 lav_B2A_UPF_LS      LSUPX1_HVT     VDDL(0.85)     VDDH(1.16)     VDDH(Output)   FALSE       -                      (0.7,1.16)          LH
                                    VSS(0.00)      VSS(0.00)      ---
 lav_B2D_1_UPF_LS    LSUPX1_HVT     VDDL(0.85)     VDDH(1.16)     VDDH(Output)   FALSE       -                      (0.7,1.16)          LH
                                    VSS(0.00)      VSS(0.00)      ---
 lav_done_UPF_LS     LSUPX1_HVT     VDDL(0.85)     VDDH(1.16)     VDDH(Output)   FALSE       -                      (0.7,1.16)          LH
                                    VSS(0.00)      VSS(0.00)      ---
 lav_out_C1_UPF_LS   LSUPX1_HVT     VDDL(0.85)     VDDH(1.16)     VDDH(Output)   FALSE       -                      (0.7,1.16)          LH
                                    VSS(0.00)      VSS(0.00)      ---
 lav_out_C2_UPF_LS   LSUPX1_HVT     VDDL(0.85)     VDDH(1.16)     VDDH(Output)   FALSE       -                      (0.7,1.16)          LH
                                    VSS(0.00)      VSS(0.00)      ---
 lav_out_C3_UPF_LS   LSUPX1_HVT     VDDL(0.85)     VDDH(1.16)     VDDH(Output)   FALSE       -                      (0.7,1.16)          LH
                                    VSS(0.00)      VSS(0.00)      ---
 lav_C2D_UPF_LS      LSUPX2_HVT     VDDL(0.85)     VDDH(1.16)     VDDH(Output)   FALSE       -                      (0.7,1.16)          LH
                                    VSS(0.00)      VSS(0.00)      ---
===================================================================================================================================================
1
